Determining if the pthread_create exist failed with the following output:
Change Dir: /home/dragomir/git/arkanoid_default/CMakeFiles/CMakeTmp

Run Build Command:/usr/bin/gmake "cmTryCompileExec3423972441/fast"
/usr/bin/gmake -f CMakeFiles/cmTryCompileExec3423972441.dir/build.make CMakeFiles/cmTryCompileExec3423972441.dir/build
gmake[1]: Entering directory `/home/dragomir/git/arkanoid_default/CMakeFiles/CMakeTmp'
/usr/bin/cmake -E cmake_progress_report /home/dragomir/git/arkanoid_default/CMakeFiles/CMakeTmp/CMakeFiles 1
Building C object CMakeFiles/cmTryCompileExec3423972441.dir/CheckSymbolExists.c.o
/usr/bin/gcc   -fno-exceptions -std=c99    -o CMakeFiles/cmTryCompileExec3423972441.dir/CheckSymbolExists.c.o   -c /home/dragomir/git/arkanoid_default/CMakeFiles/CMakeTmp/CheckSymbolExists.c
Linking C executable cmTryCompileExec3423972441
/usr/bin/cmake -E cmake_link_script CMakeFiles/cmTryCompileExec3423972441.dir/link.txt --verbose=1
/usr/bin/gcc   -fno-exceptions -std=c99     CMakeFiles/cmTryCompileExec3423972441.dir/CheckSymbolExists.c.o  -o cmTryCompileExec3423972441 -rdynamic 
CMakeFiles/cmTryCompileExec3423972441.dir/CheckSymbolExists.c.o: In function `main':
CheckSymbolExists.c:(.text+0x16): undefined reference to `pthread_create'
collect2: error: ld returned 1 exit status
gmake[1]: *** [cmTryCompileExec3423972441] Error 1
gmake[1]: Leaving directory `/home/dragomir/git/arkanoid_default/CMakeFiles/CMakeTmp'
gmake: *** [cmTryCompileExec3423972441/fast] Error 2

File /home/dragomir/git/arkanoid_default/CMakeFiles/CMakeTmp/CheckSymbolExists.c:
/* */
#include <pthread.h>

int main(int argc, char** argv)
{
  (void)argv;
#ifndef pthread_create
  return ((int*)(&pthread_create))[argc];
#else
  (void)argc;
  return 0;
#endif
}

Determining if the function pthread_create exists in the pthreads failed with the following output:
Change Dir: /home/dragomir/git/arkanoid_default/CMakeFiles/CMakeTmp

Run Build Command:/usr/bin/gmake "cmTryCompileExec3183629599/fast"
/usr/bin/gmake -f CMakeFiles/cmTryCompileExec3183629599.dir/build.make CMakeFiles/cmTryCompileExec3183629599.dir/build
gmake[1]: Entering directory `/home/dragomir/git/arkanoid_default/CMakeFiles/CMakeTmp'
/usr/bin/cmake -E cmake_progress_report /home/dragomir/git/arkanoid_default/CMakeFiles/CMakeTmp/CMakeFiles 1
Building C object CMakeFiles/cmTryCompileExec3183629599.dir/CheckFunctionExists.c.o
/usr/bin/gcc   -fno-exceptions -std=c99 -DCHECK_FUNCTION_EXISTS=pthread_create   -o CMakeFiles/cmTryCompileExec3183629599.dir/CheckFunctionExists.c.o   -c /usr/share/cmake/Modules/CheckFunctionExists.c
Linking C executable cmTryCompileExec3183629599
/usr/bin/cmake -E cmake_link_script CMakeFiles/cmTryCompileExec3183629599.dir/link.txt --verbose=1
/usr/bin/gcc   -fno-exceptions -std=c99 -DCHECK_FUNCTION_EXISTS=pthread_create    CMakeFiles/cmTryCompileExec3183629599.dir/CheckFunctionExists.c.o  -o cmTryCompileExec3183629599 -rdynamic -lpthreads 
/usr/bin/ld: cannot find -lpthreads
collect2: error: ld returned 1 exit status
gmake[1]: Leaving directory `/home/dragomir/git/arkanoid_default/CMakeFiles/CMakeTmp'
gmake[1]: *** [cmTryCompileExec3183629599] Error 1
gmake: *** [cmTryCompileExec3183629599/fast] Error 2


